<?xml version="1.0" encoding="UTF-8"?>
<!-- Generated by org.testng.reporters.JUnitReportReporter -->
<testsuite skipped="0" hostname="CATOR-VKORAT1" name="com.OpenHRM.Login" tests="7" failures="0" timestamp="2022-11-08T16:10:48 EST" time="14.155" errors="0">
  <testcase name="admin" time="2.544" classname="com.OpenHRM.Login"/>
  <system-out/>
  <testcase name="job" time="0.723" classname="com.OpenHRM.Login"/>
  <system-out/>
  <testcase name="addButton" time="0.768" classname="com.OpenHRM.Login"/>
  <system-out/>
  <testcase name="addJobTitle" time="0.841" classname="com.OpenHRM.Login"/>
  <system-out/>
  <testcase name="deleteSingle" time="6.965" classname="com.OpenHRM.Login"/>
  <system-out/>
  <testcase name="sorting" time="0.293" classname="com.OpenHRM.Login"/>
  <system-out/>
  <testcase name="edit" time="2.021" classname="com.OpenHRM.Login"/>
  <system-out/>
</testsuite> <!-- com.OpenHRM.Login -->
