<?xml version="1.0" encoding="UTF-8"?>
<!-- Generated by org.testng.reporters.JUnitReportReporter -->
<testsuite skipped="0" hostname="KORAT" name="com.OpenHRM.GoogleTesting" tests="3" failures="0" timestamp="2022-11-07T17:24:18 EST" time="0.012" errors="0">
  <testcase name="main3" time="0.004" classname="com.OpenHRM.GoogleTesting"/>
  <system-out/>
  <testcase name="main1" time="0.008" classname="com.OpenHRM.GoogleTesting"/>
  <system-out/>
  <testcase name="main2" time="0.000" classname="com.OpenHRM.GoogleTesting"/>
  <system-out/>
</testsuite> <!-- com.OpenHRM.GoogleTesting -->
