<?xml version="1.0" encoding="UTF-8"?>
<!-- Generated by org.testng.reporters.JUnitReportReporter -->
<testsuite skipped="0" hostname="KORAT" name="com.OpenHRM.Login" tests="6" failures="0" timestamp="2022-11-07T23:05:05 EST" time="8.895" errors="0">
  <testcase name="admin" time="2.443" classname="com.OpenHRM.Login"/>
  <system-out/>
  <testcase name="job" time="0.782" classname="com.OpenHRM.Login"/>
  <system-out/>
  <testcase name="addButton" time="0.831" classname="com.OpenHRM.Login"/>
  <system-out/>
  <testcase name="addJobTitle" time="0.858" classname="com.OpenHRM.Login"/>
  <system-out/>
  <testcase name="selectAll" time="3.888" classname="com.OpenHRM.Login"/>
  <system-out/>
  <testcase name="declineDeleteAll" time="0.093" classname="com.OpenHRM.Login"/>
  <system-out/>
</testsuite> <!-- com.OpenHRM.Login -->
